2017-03-28 17:35:46 Error: [MissingComponentException] Component class SimuladoHelperComponent could not be found.
Exception Attributes: array (
  'class' => 'SimuladoHelperComponent',
  'plugin' => false,
)
Request URL: /metodo_simulado/public_html/detalhes_simulado/36
Stack Trace:
#0 C:\wamp64\www\metodo_simulado\site\lib\Cake\Controller\ComponentCollection.php(53): ComponentCollection->load('SimuladoHelper', Array)
#1 C:\wamp64\www\metodo_simulado\site\lib\Cake\Controller\Controller.php(643): ComponentCollection->init(Object(SiteController))
#2 C:\wamp64\www\metodo_simulado\site\lib\Cake\Routing\Dispatcher.php(188): Controller->constructClasses()
#3 C:\wamp64\www\metodo_simulado\site\lib\Cake\Routing\Dispatcher.php(167): Dispatcher->_invoke(Object(SiteController), Object(CakeRequest))
#4 C:\wamp64\www\metodo_simulado\public_html\index.php(92): Dispatcher->dispatch(Object(CakeRequest), Object(CakeResponse))
#5 {main}
2017-03-28 17:36:18 Error: [MissingComponentException] Component class SimuladoComponent could not be found.
Exception Attributes: array (
  'class' => 'SimuladoComponent',
  'plugin' => false,
)
Request URL: /metodo_simulado/public_html/detalhes_simulado/36
Stack Trace:
#0 C:\wamp64\www\metodo_simulado\site\lib\Cake\Controller\ComponentCollection.php(53): ComponentCollection->load('Simulado', Array)
#1 C:\wamp64\www\metodo_simulado\site\lib\Cake\Controller\Controller.php(643): ComponentCollection->init(Object(SiteController))
#2 C:\wamp64\www\metodo_simulado\site\lib\Cake\Routing\Dispatcher.php(188): Controller->constructClasses()
#3 C:\wamp64\www\metodo_simulado\site\lib\Cake\Routing\Dispatcher.php(167): Dispatcher->_invoke(Object(SiteController), Object(CakeRequest))
#4 C:\wamp64\www\metodo_simulado\public_html\index.php(92): Dispatcher->dispatch(Object(CakeRequest), Object(CakeResponse))
#5 {main}
2017-03-28 17:36:49 Error: [MissingComponentException] Component class SimuladoComponent could not be found.
Exception Attributes: array (
  'class' => 'SimuladoComponent',
  'plugin' => false,
)
Request URL: /metodo_simulado/public_html/detalhes_simulado/36
Stack Trace:
#0 C:\wamp64\www\metodo_simulado\site\lib\Cake\Controller\ComponentCollection.php(53): ComponentCollection->load('Simulado', Array)
#1 C:\wamp64\www\metodo_simulado\site\lib\Cake\Controller\Controller.php(643): ComponentCollection->init(Object(SiteController))
#2 C:\wamp64\www\metodo_simulado\site\lib\Cake\Routing\Dispatcher.php(188): Controller->constructClasses()
#3 C:\wamp64\www\metodo_simulado\site\lib\Cake\Routing\Dispatcher.php(167): Dispatcher->_invoke(Object(SiteController), Object(CakeRequest))
#4 C:\wamp64\www\metodo_simulado\public_html\index.php(92): Dispatcher->dispatch(Object(CakeRequest), Object(CakeResponse))
#5 {main}
2017-03-28 17:37:03 Error: [MissingComponentException] Component class SimuladoComponent could not be found.
Exception Attributes: array (
  'class' => 'SimuladoComponent',
  'plugin' => false,
)
Request URL: /metodo_simulado/public_html/detalhes_simulado/36
Stack Trace:
#0 C:\wamp64\www\metodo_simulado\site\lib\Cake\Controller\ComponentCollection.php(53): ComponentCollection->load('Simulado', Array)
#1 C:\wamp64\www\metodo_simulado\site\lib\Cake\Controller\Controller.php(643): ComponentCollection->init(Object(SiteController))
#2 C:\wamp64\www\metodo_simulado\site\lib\Cake\Routing\Dispatcher.php(188): Controller->constructClasses()
#3 C:\wamp64\www\metodo_simulado\site\lib\Cake\Routing\Dispatcher.php(167): Dispatcher->_invoke(Object(SiteController), Object(CakeRequest))
#4 C:\wamp64\www\metodo_simulado\public_html\index.php(92): Dispatcher->dispatch(Object(CakeRequest), Object(CakeResponse))
#5 {main}
2017-03-28 17:37:04 Error: [MissingComponentException] Component class SimuladoComponent could not be found.
Exception Attributes: array (
  'class' => 'SimuladoComponent',
  'plugin' => false,
)
Request URL: /metodo_simulado/public_html/detalhes_simulado/36
Stack Trace:
#0 C:\wamp64\www\metodo_simulado\site\lib\Cake\Controller\ComponentCollection.php(53): ComponentCollection->load('Simulado', Array)
#1 C:\wamp64\www\metodo_simulado\site\lib\Cake\Controller\Controller.php(643): ComponentCollection->init(Object(SiteController))
#2 C:\wamp64\www\metodo_simulado\site\lib\Cake\Routing\Dispatcher.php(188): Controller->constructClasses()
#3 C:\wamp64\www\metodo_simulado\site\lib\Cake\Routing\Dispatcher.php(167): Dispatcher->_invoke(Object(SiteController), Object(CakeRequest))
#4 C:\wamp64\www\metodo_simulado\public_html\index.php(92): Dispatcher->dispatch(Object(CakeRequest), Object(CakeResponse))
#5 {main}
2017-03-28 17:38:58 Error: [MissingHelperException] Helper class SimuladoHelperHelper could not be found.
Exception Attributes: array (
  'class' => 'SimuladoHelperHelper',
  'plugin' => false,
)
Request URL: /metodo_simulado/public_html/detalhes_simulado/36
Stack Trace:
#0 C:\wamp64\www\metodo_simulado\site\lib\Cake\View\HelperCollection.php(63): HelperCollection->load('SimuladoHelper')
#1 C:\wamp64\www\metodo_simulado\site\lib\Cake\View\View.php(848): HelperCollection->__isset('SimuladoHelper')
#2 C:\wamp64\www\metodo_simulado\site\app\View\Site\detalhes_simulado.ctp(16): View->__get('SimuladoHelper')
#3 C:\wamp64\www\metodo_simulado\site\lib\Cake\View\View.php(961): include('C:\\wamp64\\www\\m...')
#4 C:\wamp64\www\metodo_simulado\site\lib\Cake\View\View.php(923): View->_evaluate('C:\\wamp64\\www\\m...', Array)
#5 C:\wamp64\www\metodo_simulado\site\lib\Cake\View\View.php(473): View->_render('C:\\wamp64\\www\\m...')
#6 C:\wamp64\www\metodo_simulado\site\lib\Cake\Controller\Controller.php(960): View->render(NULL, NULL)
#7 C:\wamp64\www\metodo_simulado\site\lib\Cake\Routing\Dispatcher.php(200): Controller->render()
#8 C:\wamp64\www\metodo_simulado\site\lib\Cake\Routing\Dispatcher.php(167): Dispatcher->_invoke(Object(SiteController), Object(CakeRequest))
#9 C:\wamp64\www\metodo_simulado\public_html\index.php(92): Dispatcher->dispatch(Object(CakeRequest), Object(CakeResponse))
#10 {main}
2017-03-28 23:50:16 Error: [PDOException] SQLSTATE[42000]: Syntax error or access violation: 1064 You have an error in your SQL syntax; check the manual that corresponds to your MySQL server version for the right syntax to use near 'BY Aluno.id ORDER BY AlunoSimulado.media_final DESC LIMIT 10' at line 1
Request URL: /metodo_simulado/public_html/relatorios/relatorio_ranking_alunos
Stack Trace:
#0 C:\wamp64\www\metodo_simulado\site\lib\Cake\Model\Datasource\DboSource.php(460): PDOStatement->execute(Array)
#1 C:\wamp64\www\metodo_simulado\site\lib\Cake\Model\Datasource\DboSource.php(426): DboSource->_execute('SELECT AVG(Alun...', Array)
#2 C:\wamp64\www\metodo_simulado\site\lib\Cake\Model\Datasource\DboSource.php(668): DboSource->execute('SELECT AVG(Alun...', Array, Array)
#3 C:\wamp64\www\metodo_simulado\site\lib\Cake\Model\Datasource\DboSource.php(539): DboSource->fetchAll('SELECT AVG(Alun...')
#4 [internal function]: DboSource->query('SELECT AVG(Alun...')
#5 C:\wamp64\www\metodo_simulado\site\lib\Cake\Model\Model.php(3447): call_user_func_array(Array, Array)
#6 C:\wamp64\www\metodo_simulado\site\app\Model\Relatorio.php(160): Model->query('SELECT AVG(Alun...')
#7 C:\wamp64\www\metodo_simulado\site\app\Controller\RelatoriosController.php(64): Relatorio->getDadosRelatorioRankingAlunos(Array)
#8 [internal function]: RelatoriosController->relatorio_ranking_alunos()
#9 C:\wamp64\www\metodo_simulado\site\lib\Cake\Controller\Controller.php(490): ReflectionMethod->invokeArgs(Object(RelatoriosController), Array)
#10 C:\wamp64\www\metodo_simulado\site\lib\Cake\Routing\Dispatcher.php(193): Controller->invokeAction(Object(CakeRequest))
#11 C:\wamp64\www\metodo_simulado\site\lib\Cake\Routing\Dispatcher.php(167): Dispatcher->_invoke(Object(RelatoriosController), Object(CakeRequest))
#12 C:\wamp64\www\metodo_simulado\public_html\index.php(92): Dispatcher->dispatch(Object(CakeRequest), Object(CakeResponse))
#13 {main}
2017-03-29 00:41:35 Error: [PDOException] SQLSTATE[42000]: Syntax error or access violation: 1064 You have an error in your SQL syntax; check the manual that corresponds to your MySQL server version for the right syntax to use near ' Aluno.id, Aluno.nome FROM aluno_simulados AlunoSimulado, alunos Aluno, simulado' at line 1
Request URL: /metodo_simulado/public_html/relatorios/relatorio_ranking_alunos
Stack Trace:
#0 C:\wamp64\www\metodo_simulado\site\lib\Cake\Model\Datasource\DboSource.php(460): PDOStatement->execute(Array)
#1 C:\wamp64\www\metodo_simulado\site\lib\Cake\Model\Datasource\DboSource.php(426): DboSource->_execute('SELECT AVG(Alun...', Array)
#2 C:\wamp64\www\metodo_simulado\site\lib\Cake\Model\Datasource\DboSource.php(668): DboSource->execute('SELECT AVG(Alun...', Array, Array)
#3 C:\wamp64\www\metodo_simulado\site\lib\Cake\Model\Datasource\DboSource.php(539): DboSource->fetchAll('SELECT AVG(Alun...')
#4 [internal function]: DboSource->query('SELECT AVG(Alun...')
#5 C:\wamp64\www\metodo_simulado\site\lib\Cake\Model\Model.php(3447): call_user_func_array(Array, Array)
#6 C:\wamp64\www\metodo_simulado\site\app\Model\Relatorio.php(160): Model->query('SELECT AVG(Alun...')
#7 C:\wamp64\www\metodo_simulado\site\app\Controller\RelatoriosController.php(64): Relatorio->getDadosRelatorioRankingAlunos(Array)
#8 [internal function]: RelatoriosController->relatorio_ranking_alunos()
#9 C:\wamp64\www\metodo_simulado\site\lib\Cake\Controller\Controller.php(490): ReflectionMethod->invokeArgs(Object(RelatoriosController), Array)
#10 C:\wamp64\www\metodo_simulado\site\lib\Cake\Routing\Dispatcher.php(193): Controller->invokeAction(Object(CakeRequest))
#11 C:\wamp64\www\metodo_simulado\site\lib\Cake\Routing\Dispatcher.php(167): Dispatcher->_invoke(Object(RelatoriosController), Object(CakeRequest))
#12 C:\wamp64\www\metodo_simulado\public_html\index.php(92): Dispatcher->dispatch(Object(CakeRequest), Object(CakeResponse))
#13 {main}
2017-03-29 00:47:19 Error: [PDOException] SQLSTATE[42000]: Syntax error or access violation: 1064 You have an error in your SQL syntax; check the manual that corresponds to your MySQL server version for the right syntax to use near '.media, Aluno.id, Aluno.nome FROM aluno_simulados AlunoSimulado, alunos Aluno, s' at line 1
Request URL: /metodo_simulado/public_html/relatorios/relatorio_ranking_alunos
Stack Trace:
#0 C:\wamp64\www\metodo_simulado\site\lib\Cake\Model\Datasource\DboSource.php(460): PDOStatement->execute(Array)
#1 C:\wamp64\www\metodo_simulado\site\lib\Cake\Model\Datasource\DboSource.php(426): DboSource->_execute('SELECT AVG(Alun...', Array)
#2 C:\wamp64\www\metodo_simulado\site\lib\Cake\Model\Datasource\DboSource.php(668): DboSource->execute('SELECT AVG(Alun...', Array, Array)
#3 C:\wamp64\www\metodo_simulado\site\lib\Cake\Model\Datasource\DboSource.php(539): DboSource->fetchAll('SELECT AVG(Alun...')
#4 [internal function]: DboSource->query('SELECT AVG(Alun...')
#5 C:\wamp64\www\metodo_simulado\site\lib\Cake\Model\Model.php(3447): call_user_func_array(Array, Array)
#6 C:\wamp64\www\metodo_simulado\site\app\Model\Relatorio.php(160): Model->query('SELECT AVG(Alun...')
#7 C:\wamp64\www\metodo_simulado\site\app\Controller\RelatoriosController.php(64): Relatorio->getDadosRelatorioRankingAlunos(Array)
#8 [internal function]: RelatoriosController->relatorio_ranking_alunos()
#9 C:\wamp64\www\metodo_simulado\site\lib\Cake\Controller\Controller.php(490): ReflectionMethod->invokeArgs(Object(RelatoriosController), Array)
#10 C:\wamp64\www\metodo_simulado\site\lib\Cake\Routing\Dispatcher.php(193): Controller->invokeAction(Object(CakeRequest))
#11 C:\wamp64\www\metodo_simulado\site\lib\Cake\Routing\Dispatcher.php(167): Dispatcher->_invoke(Object(RelatoriosController), Object(CakeRequest))
#12 C:\wamp64\www\metodo_simulado\public_html\index.php(92): Dispatcher->dispatch(Object(CakeRequest), Object(CakeResponse))
#13 {main}
2017-03-29 02:07:52 Error: [MissingViewException] View file "Relatorios\relatorio_ranking_alunos_por_lista.ctp" is missing.
Exception Attributes: array (
  'file' => 'Relatorios\\relatorio_ranking_alunos_por_lista.ctp',
)
Request URL: /metodo_simulado/public_html/relatorios/relatorio_ranking_alunos_por_lista
Stack Trace:
#0 C:\wamp64\www\metodo_simulado\site\lib\Cake\View\View.php(470): View->_getViewFileName(NULL)
#1 C:\wamp64\www\metodo_simulado\site\lib\Cake\Controller\Controller.php(960): View->render(NULL, NULL)
#2 C:\wamp64\www\metodo_simulado\site\lib\Cake\Routing\Dispatcher.php(200): Controller->render()
#3 C:\wamp64\www\metodo_simulado\site\lib\Cake\Routing\Dispatcher.php(167): Dispatcher->_invoke(Object(RelatoriosController), Object(CakeRequest))
#4 C:\wamp64\www\metodo_simulado\public_html\index.php(92): Dispatcher->dispatch(Object(CakeRequest), Object(CakeResponse))
#5 {main}
2017-03-29 02:08:07 Error: [MissingViewException] View file "Relatorios\relatorio_ranking_alunos_por_lista.ctp" is missing.
Exception Attributes: array (
  'file' => 'Relatorios\\relatorio_ranking_alunos_por_lista.ctp',
)
Request URL: /metodo_simulado/public_html/relatorios/relatorio_ranking_alunos_por_lista
Stack Trace:
#0 C:\wamp64\www\metodo_simulado\site\lib\Cake\View\View.php(470): View->_getViewFileName(NULL)
#1 C:\wamp64\www\metodo_simulado\site\lib\Cake\Controller\Controller.php(960): View->render(NULL, NULL)
#2 C:\wamp64\www\metodo_simulado\site\lib\Cake\Routing\Dispatcher.php(200): Controller->render()
#3 C:\wamp64\www\metodo_simulado\site\lib\Cake\Routing\Dispatcher.php(167): Dispatcher->_invoke(Object(RelatoriosController), Object(CakeRequest))
#4 C:\wamp64\www\metodo_simulado\public_html\index.php(92): Dispatcher->dispatch(Object(CakeRequest), Object(CakeResponse))
#5 {main}
2017-03-29 02:09:13 Error: [PDOException] SQLSTATE[42000]: Syntax error or access violation: 1064 You have an error in your SQL syntax; check the manual that corresponds to your MySQL server version for the right syntax to use near 'AND Aluno.empresa_id =  GROUP BY Aluno.id, Simulado.id ORDER BY media DESC' at line 1
Request URL: /metodo_simulado/public_html/relatorios/relatorio_ranking_alunos_por_lista
Stack Trace:
#0 C:\wamp64\www\metodo_simulado\site\lib\Cake\Model\Datasource\DboSource.php(460): PDOStatement->execute(Array)
#1 C:\wamp64\www\metodo_simulado\site\lib\Cake\Model\Datasource\DboSource.php(426): DboSource->_execute('SELECT AVG(Alun...', Array)
#2 C:\wamp64\www\metodo_simulado\site\lib\Cake\Model\Datasource\DboSource.php(668): DboSource->execute('SELECT AVG(Alun...', Array, Array)
#3 C:\wamp64\www\metodo_simulado\site\lib\Cake\Model\Datasource\DboSource.php(539): DboSource->fetchAll('SELECT AVG(Alun...')
#4 [internal function]: DboSource->query('SELECT AVG(Alun...')
#5 C:\wamp64\www\metodo_simulado\site\lib\Cake\Model\Model.php(3447): call_user_func_array(Array, Array)
#6 C:\wamp64\www\metodo_simulado\site\app\Model\Relatorio.php(172): Model->query('SELECT AVG(Alun...')
#7 C:\wamp64\www\metodo_simulado\site\app\Controller\RelatoriosController.php(76): Relatorio->getDadosRelatorioRankingAlunosPorLista(Array)
#8 [internal function]: RelatoriosController->relatorio_ranking_alunos_por_lista()
#9 C:\wamp64\www\metodo_simulado\site\lib\Cake\Controller\Controller.php(490): ReflectionMethod->invokeArgs(Object(RelatoriosController), Array)
#10 C:\wamp64\www\metodo_simulado\site\lib\Cake\Routing\Dispatcher.php(193): Controller->invokeAction(Object(CakeRequest))
#11 C:\wamp64\www\metodo_simulado\site\lib\Cake\Routing\Dispatcher.php(167): Dispatcher->_invoke(Object(RelatoriosController), Object(CakeRequest))
#12 C:\wamp64\www\metodo_simulado\public_html\index.php(92): Dispatcher->dispatch(Object(CakeRequest), Object(CakeResponse))
#13 {main}
2017-03-29 02:09:22 Error: [PDOException] SQLSTATE[42000]: Syntax error or access violation: 1064 You have an error in your SQL syntax; check the manual that corresponds to your MySQL server version for the right syntax to use near 'GROUP BY Aluno.id, Simulado.id ORDER BY media DESC' at line 1
Request URL: /metodo_simulado/public_html/relatorios/relatorio_ranking_alunos_por_lista
Stack Trace:
#0 C:\wamp64\www\metodo_simulado\site\lib\Cake\Model\Datasource\DboSource.php(460): PDOStatement->execute(Array)
#1 C:\wamp64\www\metodo_simulado\site\lib\Cake\Model\Datasource\DboSource.php(426): DboSource->_execute('SELECT AVG(Alun...', Array)
#2 C:\wamp64\www\metodo_simulado\site\lib\Cake\Model\Datasource\DboSource.php(668): DboSource->execute('SELECT AVG(Alun...', Array, Array)
#3 C:\wamp64\www\metodo_simulado\site\lib\Cake\Model\Datasource\DboSource.php(539): DboSource->fetchAll('SELECT AVG(Alun...')
#4 [internal function]: DboSource->query('SELECT AVG(Alun...')
#5 C:\wamp64\www\metodo_simulado\site\lib\Cake\Model\Model.php(3447): call_user_func_array(Array, Array)
#6 C:\wamp64\www\metodo_simulado\site\app\Model\Relatorio.php(172): Model->query('SELECT AVG(Alun...')
#7 C:\wamp64\www\metodo_simulado\site\app\Controller\RelatoriosController.php(76): Relatorio->getDadosRelatorioRankingAlunosPorLista(Array)
#8 [internal function]: RelatoriosController->relatorio_ranking_alunos_por_lista()
#9 C:\wamp64\www\metodo_simulado\site\lib\Cake\Controller\Controller.php(490): ReflectionMethod->invokeArgs(Object(RelatoriosController), Array)
#10 C:\wamp64\www\metodo_simulado\site\lib\Cake\Routing\Dispatcher.php(193): Controller->invokeAction(Object(CakeRequest))
#11 C:\wamp64\www\metodo_simulado\site\lib\Cake\Routing\Dispatcher.php(167): Dispatcher->_invoke(Object(RelatoriosController), Object(CakeRequest))
#12 C:\wamp64\www\metodo_simulado\public_html\index.php(92): Dispatcher->dispatch(Object(CakeRequest), Object(CakeResponse))
#13 {main}
2017-03-29 02:11:39 Error: [PDOException] SQLSTATE[42000]: Syntax error or access violation: 1064 You have an error in your SQL syntax; check the manual that corresponds to your MySQL server version for the right syntax to use near 'GROUP BY (Aluno.id, Simulado.id) ORDER BY media DESC' at line 1
Request URL: /metodo_simulado/public_html/relatorios/relatorio_ranking_alunos_por_lista
Stack Trace:
#0 C:\wamp64\www\metodo_simulado\site\lib\Cake\Model\Datasource\DboSource.php(460): PDOStatement->execute(Array)
#1 C:\wamp64\www\metodo_simulado\site\lib\Cake\Model\Datasource\DboSource.php(426): DboSource->_execute('SELECT AVG(Alun...', Array)
#2 C:\wamp64\www\metodo_simulado\site\lib\Cake\Model\Datasource\DboSource.php(668): DboSource->execute('SELECT AVG(Alun...', Array, Array)
#3 C:\wamp64\www\metodo_simulado\site\lib\Cake\Model\Datasource\DboSource.php(539): DboSource->fetchAll('SELECT AVG(Alun...')
#4 [internal function]: DboSource->query('SELECT AVG(Alun...')
#5 C:\wamp64\www\metodo_simulado\site\lib\Cake\Model\Model.php(3447): call_user_func_array(Array, Array)
#6 C:\wamp64\www\metodo_simulado\site\app\Model\Relatorio.php(172): Model->query('SELECT AVG(Alun...')
#7 C:\wamp64\www\metodo_simulado\site\app\Controller\RelatoriosController.php(76): Relatorio->getDadosRelatorioRankingAlunosPorLista(Array)
#8 [internal function]: RelatoriosController->relatorio_ranking_alunos_por_lista()
#9 C:\wamp64\www\metodo_simulado\site\lib\Cake\Controller\Controller.php(490): ReflectionMethod->invokeArgs(Object(RelatoriosController), Array)
#10 C:\wamp64\www\metodo_simulado\site\lib\Cake\Routing\Dispatcher.php(193): Controller->invokeAction(Object(CakeRequest))
#11 C:\wamp64\www\metodo_simulado\site\lib\Cake\Routing\Dispatcher.php(167): Dispatcher->_invoke(Object(RelatoriosController), Object(CakeRequest))
#12 C:\wamp64\www\metodo_simulado\public_html\index.php(92): Dispatcher->dispatch(Object(CakeRequest), Object(CakeResponse))
#13 {main}
2017-03-29 02:12:02 Error: [PDOException] SQLSTATE[42000]: Syntax error or access violation: 1064 You have an error in your SQL syntax; check the manual that corresponds to your MySQL server version for the right syntax to use near 'GROUP BY (Aluno.id) ORDER BY media DESC' at line 1
Request URL: /metodo_simulado/public_html/relatorios/relatorio_ranking_alunos_por_lista
Stack Trace:
#0 C:\wamp64\www\metodo_simulado\site\lib\Cake\Model\Datasource\DboSource.php(460): PDOStatement->execute(Array)
#1 C:\wamp64\www\metodo_simulado\site\lib\Cake\Model\Datasource\DboSource.php(426): DboSource->_execute('SELECT AVG(Alun...', Array)
#2 C:\wamp64\www\metodo_simulado\site\lib\Cake\Model\Datasource\DboSource.php(668): DboSource->execute('SELECT AVG(Alun...', Array, Array)
#3 C:\wamp64\www\metodo_simulado\site\lib\Cake\Model\Datasource\DboSource.php(539): DboSource->fetchAll('SELECT AVG(Alun...')
#4 [internal function]: DboSource->query('SELECT AVG(Alun...')
#5 C:\wamp64\www\metodo_simulado\site\lib\Cake\Model\Model.php(3447): call_user_func_array(Array, Array)
#6 C:\wamp64\www\metodo_simulado\site\app\Model\Relatorio.php(173): Model->query('SELECT AVG(Alun...')
#7 C:\wamp64\www\metodo_simulado\site\app\Controller\RelatoriosController.php(76): Relatorio->getDadosRelatorioRankingAlunosPorLista(Array)
#8 [internal function]: RelatoriosController->relatorio_ranking_alunos_por_lista()
#9 C:\wamp64\www\metodo_simulado\site\lib\Cake\Controller\Controller.php(490): ReflectionMethod->invokeArgs(Object(RelatoriosController), Array)
#10 C:\wamp64\www\metodo_simulado\site\lib\Cake\Routing\Dispatcher.php(193): Controller->invokeAction(Object(CakeRequest))
#11 C:\wamp64\www\metodo_simulado\site\lib\Cake\Routing\Dispatcher.php(167): Dispatcher->_invoke(Object(RelatoriosController), Object(CakeRequest))
#12 C:\wamp64\www\metodo_simulado\public_html\index.php(92): Dispatcher->dispatch(Object(CakeRequest), Object(CakeResponse))
#13 {main}
2017-03-29 02:12:14 Error: [PDOException] SQLSTATE[42000]: Syntax error or access violation: 1064 You have an error in your SQL syntax; check the manual that corresponds to your MySQL server version for the right syntax to use near 'GROUP BY (Aluno.id, Simulado.id) ORDER BY media DESC' at line 1
Request URL: /metodo_simulado/public_html/relatorios/relatorio_ranking_alunos_por_lista
Stack Trace:
#0 C:\wamp64\www\metodo_simulado\site\lib\Cake\Model\Datasource\DboSource.php(460): PDOStatement->execute(Array)
#1 C:\wamp64\www\metodo_simulado\site\lib\Cake\Model\Datasource\DboSource.php(426): DboSource->_execute('SELECT AVG(Alun...', Array)
#2 C:\wamp64\www\metodo_simulado\site\lib\Cake\Model\Datasource\DboSource.php(668): DboSource->execute('SELECT AVG(Alun...', Array, Array)
#3 C:\wamp64\www\metodo_simulado\site\lib\Cake\Model\Datasource\DboSource.php(539): DboSource->fetchAll('SELECT AVG(Alun...')
#4 [internal function]: DboSource->query('SELECT AVG(Alun...')
#5 C:\wamp64\www\metodo_simulado\site\lib\Cake\Model\Model.php(3447): call_user_func_array(Array, Array)
#6 C:\wamp64\www\metodo_simulado\site\app\Model\Relatorio.php(173): Model->query('SELECT AVG(Alun...')
#7 C:\wamp64\www\metodo_simulado\site\app\Controller\RelatoriosController.php(76): Relatorio->getDadosRelatorioRankingAlunosPorLista(Array)
#8 [internal function]: RelatoriosController->relatorio_ranking_alunos_por_lista()
#9 C:\wamp64\www\metodo_simulado\site\lib\Cake\Controller\Controller.php(490): ReflectionMethod->invokeArgs(Object(RelatoriosController), Array)
#10 C:\wamp64\www\metodo_simulado\site\lib\Cake\Routing\Dispatcher.php(193): Controller->invokeAction(Object(CakeRequest))
#11 C:\wamp64\www\metodo_simulado\site\lib\Cake\Routing\Dispatcher.php(167): Dispatcher->_invoke(Object(RelatoriosController), Object(CakeRequest))
#12 C:\wamp64\www\metodo_simulado\public_html\index.php(92): Dispatcher->dispatch(Object(CakeRequest), Object(CakeResponse))
#13 {main}
2017-03-29 02:12:31 Error: [PDOException] SQLSTATE[21000]: Cardinality violation: 1241 Operand should contain 1 column(s)
Request URL: /metodo_simulado/public_html/relatorios/relatorio_ranking_alunos_por_lista
Stack Trace:
#0 C:\wamp64\www\metodo_simulado\site\lib\Cake\Model\Datasource\DboSource.php(460): PDOStatement->execute(Array)
#1 C:\wamp64\www\metodo_simulado\site\lib\Cake\Model\Datasource\DboSource.php(426): DboSource->_execute('SELECT AVG(Alun...', Array)
#2 C:\wamp64\www\metodo_simulado\site\lib\Cake\Model\Datasource\DboSource.php(668): DboSource->execute('SELECT AVG(Alun...', Array, Array)
#3 C:\wamp64\www\metodo_simulado\site\lib\Cake\Model\Datasource\DboSource.php(539): DboSource->fetchAll('SELECT AVG(Alun...')
#4 [internal function]: DboSource->query('SELECT AVG(Alun...')
#5 C:\wamp64\www\metodo_simulado\site\lib\Cake\Model\Model.php(3447): call_user_func_array(Array, Array)
#6 C:\wamp64\www\metodo_simulado\site\app\Model\Relatorio.php(172): Model->query('SELECT AVG(Alun...')
#7 C:\wamp64\www\metodo_simulado\site\app\Controller\RelatoriosController.php(76): Relatorio->getDadosRelatorioRankingAlunosPorLista(Array)
#8 [internal function]: RelatoriosController->relatorio_ranking_alunos_por_lista()
#9 C:\wamp64\www\metodo_simulado\site\lib\Cake\Controller\Controller.php(490): ReflectionMethod->invokeArgs(Object(RelatoriosController), Array)
#10 C:\wamp64\www\metodo_simulado\site\lib\Cake\Routing\Dispatcher.php(193): Controller->invokeAction(Object(CakeRequest))
#11 C:\wamp64\www\metodo_simulado\site\lib\Cake\Routing\Dispatcher.php(167): Dispatcher->_invoke(Object(RelatoriosController), Object(CakeRequest))
#12 C:\wamp64\www\metodo_simulado\public_html\index.php(92): Dispatcher->dispatch(Object(CakeRequest), Object(CakeResponse))
#13 {main}
2017-03-29 02:14:06 Error: [PDOException] SQLSTATE[42S22]: Column not found: 1054 Unknown column 'Simulado.nome' in 'field list'
Request URL: /metodo_simulado/public_html/relatorios/relatorio_ranking_alunos_por_lista
Stack Trace:
#0 C:\wamp64\www\metodo_simulado\site\lib\Cake\Model\Datasource\DboSource.php(460): PDOStatement->execute(Array)
#1 C:\wamp64\www\metodo_simulado\site\lib\Cake\Model\Datasource\DboSource.php(426): DboSource->_execute('SELECT AVG(Alun...', Array)
#2 C:\wamp64\www\metodo_simulado\site\lib\Cake\Model\Datasource\DboSource.php(668): DboSource->execute('SELECT AVG(Alun...', Array, Array)
#3 C:\wamp64\www\metodo_simulado\site\lib\Cake\Model\Datasource\DboSource.php(539): DboSource->fetchAll('SELECT AVG(Alun...')
#4 [internal function]: DboSource->query('SELECT AVG(Alun...')
#5 C:\wamp64\www\metodo_simulado\site\lib\Cake\Model\Model.php(3447): call_user_func_array(Array, Array)
#6 C:\wamp64\www\metodo_simulado\site\app\Model\Relatorio.php(172): Model->query('SELECT AVG(Alun...')
#7 C:\wamp64\www\metodo_simulado\site\app\Controller\RelatoriosController.php(76): Relatorio->getDadosRelatorioRankingAlunosPorLista(Array)
#8 [internal function]: RelatoriosController->relatorio_ranking_alunos_por_lista()
#9 C:\wamp64\www\metodo_simulado\site\lib\Cake\Controller\Controller.php(490): ReflectionMethod->invokeArgs(Object(RelatoriosController), Array)
#10 C:\wamp64\www\metodo_simulado\site\lib\Cake\Routing\Dispatcher.php(193): Controller->invokeAction(Object(CakeRequest))
#11 C:\wamp64\www\metodo_simulado\site\lib\Cake\Routing\Dispatcher.php(167): Dispatcher->_invoke(Object(RelatoriosController), Object(CakeRequest))
#12 C:\wamp64\www\metodo_simulado\public_html\index.php(92): Dispatcher->dispatch(Object(CakeRequest), Object(CakeResponse))
#13 {main}
2017-03-29 02:25:14 Error: Fatal Error (1): Call to a member function find() on null in [C:\wamp64\www\metodo_simulado\site\app\Model\Relatorio.php, line 166]
2017-03-29 02:25:14 Error: [FatalErrorException] Call to a member function find() on null
Request URL: /metodo_simulado/public_html/relatorios/relatorio_ranking_alunos_por_lista
Stack Trace:
#0 C:\wamp64\www\metodo_simulado\site\lib\Cake\Error\ErrorHandler.php(213): ErrorHandler::handleFatalError(1, 'Call to a membe...', 'C:\\wamp64\\www\\m...', 166)
#1 [internal function]: ErrorHandler::handleError(1, 'Call to a membe...', 'C:\\wamp64\\www\\m...', 166, Array)
#2 C:\wamp64\www\metodo_simulado\site\lib\Cake\Core\App.php(931): call_user_func('ErrorHandler::h...', 1, 'Call to a membe...', 'C:\\wamp64\\www\\m...', 166, Array)
#3 C:\wamp64\www\metodo_simulado\site\lib\Cake\Core\App.php(904): App::_checkFatalError()
#4 [internal function]: App::shutdown()
#5 {main}
2017-03-30 14:15:38 Error: Fatal Error (1): Undefined class constant 'MEDIA_REDACAO' in [C:\wamp64\www\metodo_simulado\site\app\Lib\MediaUFRGS.php, line 133]
2017-03-30 14:15:38 Error: [FatalErrorException] Undefined class constant 'MEDIA_REDACAO'
Request URL: /metodo_simulado/public_html/simulado/37
Stack Trace:
#0 C:\wamp64\www\metodo_simulado\site\lib\Cake\Error\ErrorHandler.php(213): ErrorHandler::handleFatalError(1, 'Undefined class...', 'C:\\wamp64\\www\\m...', 133)
#1 [internal function]: ErrorHandler::handleError(1, 'Undefined class...', 'C:\\wamp64\\www\\m...', 133, Array)
#2 C:\wamp64\www\metodo_simulado\site\lib\Cake\Core\App.php(931): call_user_func('ErrorHandler::h...', 1, 'Undefined class...', 'C:\\wamp64\\www\\m...', 133, Array)
#3 C:\wamp64\www\metodo_simulado\site\lib\Cake\Core\App.php(904): App::_checkFatalError()
#4 [internal function]: App::shutdown()
#5 {main}
2017-03-30 14:16:07 Error: Fatal Error (1): Undefined class constant 'DESVIO_PADRAO_REDACAO' in [C:\wamp64\www\metodo_simulado\site\app\Lib\MediaUFRGS.php, line 112]
2017-03-30 14:16:07 Error: [FatalErrorException] Undefined class constant 'DESVIO_PADRAO_REDACAO'
Request URL: /metodo_simulado/public_html/simulado/37
Stack Trace:
#0 C:\wamp64\www\metodo_simulado\site\lib\Cake\Error\ErrorHandler.php(213): ErrorHandler::handleFatalError(1, 'Undefined class...', 'C:\\wamp64\\www\\m...', 112)
#1 [internal function]: ErrorHandler::handleError(1, 'Undefined class...', 'C:\\wamp64\\www\\m...', 112, Array)
#2 C:\wamp64\www\metodo_simulado\site\lib\Cake\Core\App.php(931): call_user_func('ErrorHandler::h...', 1, 'Undefined class...', 'C:\\wamp64\\www\\m...', 112, Array)
#3 C:\wamp64\www\metodo_simulado\site\lib\Cake\Core\App.php(904): App::_checkFatalError()
#4 [internal function]: App::shutdown()
#5 {main}
2017-03-30 17:28:07 Error: [NotFoundException] Invalid simulado
Request URL: /metodo_simulado/public_html/simulados/edit
Stack Trace:
#0 [internal function]: SimuladosController->edit()
#1 C:\wamp64\www\metodo_simulado\site\lib\Cake\Controller\Controller.php(490): ReflectionMethod->invokeArgs(Object(SimuladosController), Array)
#2 C:\wamp64\www\metodo_simulado\site\lib\Cake\Routing\Dispatcher.php(193): Controller->invokeAction(Object(CakeRequest))
#3 C:\wamp64\www\metodo_simulado\site\lib\Cake\Routing\Dispatcher.php(167): Dispatcher->_invoke(Object(SimuladosController), Object(CakeRequest))
#4 C:\wamp64\www\metodo_simulado\public_html\index.php(92): Dispatcher->dispatch(Object(CakeRequest), Object(CakeResponse))
#5 {main}
2017-03-30 19:04:54 Error: [PDOException] SQLSTATE[42S22]: Column not found: 1054 Unknown column 'MateriaSimulado.numero_questoes' in 'field list'
Request URL: /metodo_simulado/public_html/detalhes_simulado/37
Stack Trace:
#0 C:\wamp64\www\metodo_simulado\site\lib\Cake\Model\Datasource\DboSource.php(460): PDOStatement->execute(Array)
#1 C:\wamp64\www\metodo_simulado\site\lib\Cake\Model\Datasource\DboSource.php(426): DboSource->_execute('SELECT `Materia...', Array)
#2 C:\wamp64\www\metodo_simulado\site\lib\Cake\Model\Datasource\DboSource.php(668): DboSource->execute('SELECT `Materia...', Array, Array)
#3 C:\wamp64\www\metodo_simulado\site\lib\Cake\Model\Datasource\DboSource.php(1106): DboSource->fetchAll('SELECT `Materia...', false)
#4 C:\wamp64\www\metodo_simulado\site\lib\Cake\Model\Model.php(3022): DboSource->read(Object(AlunoSimuladoMateria), Array)
#5 C:\wamp64\www\metodo_simulado\site\lib\Cake\Model\Model.php(2994): Model->_readDataSource('first', Array)
#6 C:\wamp64\www\metodo_simulado\site\app\View\Helper\SimuladoHelper.php(42): Model->find('first', Array)
#7 C:\wamp64\www\metodo_simulado\site\app\View\Site\detalhes_simulado.ctp(47): SimuladoHelper->getTotalQuestoesMateria('37', '9')
#8 C:\wamp64\www\metodo_simulado\site\lib\Cake\View\View.php(961): include('C:\\wamp64\\www\\m...')
#9 C:\wamp64\www\metodo_simulado\site\lib\Cake\View\View.php(923): View->_evaluate('C:\\wamp64\\www\\m...', Array)
#10 C:\wamp64\www\metodo_simulado\site\lib\Cake\View\View.php(473): View->_render('C:\\wamp64\\www\\m...')
#11 C:\wamp64\www\metodo_simulado\site\lib\Cake\Controller\Controller.php(960): View->render(NULL, NULL)
#12 C:\wamp64\www\metodo_simulado\site\lib\Cake\Routing\Dispatcher.php(200): Controller->render()
#13 C:\wamp64\www\metodo_simulado\site\lib\Cake\Routing\Dispatcher.php(167): Dispatcher->_invoke(Object(SiteController), Object(CakeRequest))
#14 C:\wamp64\www\metodo_simulado\public_html\index.php(92): Dispatcher->dispatch(Object(CakeRequest), Object(CakeResponse))
#15 {main}
2017-04-03 04:01:46 Error: Fatal Error (4): syntax error, unexpected 'AlunoSimuladoMateria' (T_STRING) in [C:\wamp64\www\metodo_simulado\site\app\Controller\Component\EmailComponent.php, line 123]
2017-04-03 04:01:46 Error: [FatalErrorException] syntax error, unexpected 'AlunoSimuladoMateria' (T_STRING)
Request URL: /metodo_simulado/public_html/simulado/41
Stack Trace:
#0 C:\wamp64\www\metodo_simulado\site\lib\Cake\Error\ErrorHandler.php(213): ErrorHandler::handleFatalError(4, 'syntax error, u...', 'C:\\wamp64\\www\\m...', 123)
#1 [internal function]: ErrorHandler::handleError(4, 'syntax error, u...', 'C:\\wamp64\\www\\m...', 123, Array)
#2 C:\wamp64\www\metodo_simulado\site\lib\Cake\Core\App.php(931): call_user_func('ErrorHandler::h...', 4, 'syntax error, u...', 'C:\\wamp64\\www\\m...', 123, Array)
#3 C:\wamp64\www\metodo_simulado\site\lib\Cake\Core\App.php(904): App::_checkFatalError()
#4 [internal function]: App::shutdown()
#5 {main}
2017-04-20 17:35:07 Error: [NotFoundException] aluno inválida
Request URL: /metodo_simulado/public_html/alunos/edit
Stack Trace:
#0 [internal function]: AlunosController->edit()
#1 C:\wamp64\www\metodo_simulado\site\lib\Cake\Controller\Controller.php(490): ReflectionMethod->invokeArgs(Object(AlunosController), Array)
#2 C:\wamp64\www\metodo_simulado\site\lib\Cake\Routing\Dispatcher.php(193): Controller->invokeAction(Object(CakeRequest))
#3 C:\wamp64\www\metodo_simulado\site\lib\Cake\Routing\Dispatcher.php(167): Dispatcher->_invoke(Object(AlunosController), Object(CakeRequest))
#4 C:\wamp64\www\metodo_simulado\public_html\index.php(92): Dispatcher->dispatch(Object(CakeRequest), Object(CakeResponse))
#5 {main}
2017-04-20 18:01:12 Error: Fatal Error (1): Call to undefined method EmailComponent::AddCC() in [C:\wamp64\www\metodo_simulado\site\app\Controller\Component\EmailComponent.php, line 100]
2017-04-20 18:01:12 Error: [FatalErrorException] Call to undefined method EmailComponent::AddCC()
Request URL: /metodo_simulado/public_html/simulado/44
Stack Trace:
#0 C:\wamp64\www\metodo_simulado\site\lib\Cake\Error\ErrorHandler.php(213): ErrorHandler::handleFatalError(1, 'Call to undefin...', 'C:\\wamp64\\www\\m...', 100)
#1 [internal function]: ErrorHandler::handleError(1, 'Call to undefin...', 'C:\\wamp64\\www\\m...', 100, Array)
#2 C:\wamp64\www\metodo_simulado\site\lib\Cake\Core\App.php(931): call_user_func('ErrorHandler::h...', 1, 'Call to undefin...', 'C:\\wamp64\\www\\m...', 100, Array)
#3 C:\wamp64\www\metodo_simulado\site\lib\Cake\Core\App.php(904): App::_checkFatalError()
#4 [internal function]: App::shutdown()
#5 {main}
2017-06-12 17:00:02 Error: [PDOException] SQLSTATE[42S22]: Column not found: 1054 Unknown column 'Simulado.is_quiz' in 'where clause'
Request URL: /metodo_simulado/public_html/quizzes/index
Stack Trace:
#0 C:\wamp64\www\metodo_simulado\site\lib\Cake\Model\Datasource\DboSource.php(460): PDOStatement->execute(Array)
#1 C:\wamp64\www\metodo_simulado\site\lib\Cake\Model\Datasource\DboSource.php(426): DboSource->_execute('SELECT `Simulad...', Array)
#2 C:\wamp64\www\metodo_simulado\site\lib\Cake\Model\Datasource\DboSource.php(668): DboSource->execute('SELECT `Simulad...', Array, Array)
#3 C:\wamp64\www\metodo_simulado\site\lib\Cake\Model\Datasource\DboSource.php(1106): DboSource->fetchAll('SELECT `Simulad...', false)
#4 C:\wamp64\www\metodo_simulado\site\lib\Cake\Model\Model.php(3022): DboSource->read(Object(Simulado), Array)
#5 C:\wamp64\www\metodo_simulado\site\lib\Cake\Model\Model.php(2994): Model->_readDataSource('all', Array)
#6 C:\wamp64\www\metodo_simulado\site\lib\Cake\Controller\Component\PaginatorComponent.php(196): Model->find('all', Array)
#7 C:\wamp64\www\metodo_simulado\site\lib\Cake\Controller\Controller.php(1086): PaginatorComponent->paginate('Simulado', Array, Array)
#8 C:\wamp64\www\metodo_simulado\site\app\Controller\QuizzesController.php(21): Controller->paginate('Simulado')
#9 [internal function]: QuizzesController->index()
#10 C:\wamp64\www\metodo_simulado\site\lib\Cake\Controller\Controller.php(490): ReflectionMethod->invokeArgs(Object(QuizzesController), Array)
#11 C:\wamp64\www\metodo_simulado\site\lib\Cake\Routing\Dispatcher.php(193): Controller->invokeAction(Object(CakeRequest))
#12 C:\wamp64\www\metodo_simulado\site\lib\Cake\Routing\Dispatcher.php(167): Dispatcher->_invoke(Object(QuizzesController), Object(CakeRequest))
#13 C:\wamp64\www\metodo_simulado\public_html\index.php(92): Dispatcher->dispatch(Object(CakeRequest), Object(CakeResponse))
#14 {main}
2017-06-12 17:05:06 Error: [PDOException] SQLSTATE[42S22]: Column not found: 1054 Unknown column 'Simulado.is_quiz' in 'where clause'
Request URL: /metodo_simulado/public_html/quizzes/index
Stack Trace:
#0 C:\wamp64\www\metodo_simulado\site\lib\Cake\Model\Datasource\DboSource.php(460): PDOStatement->execute(Array)
#1 C:\wamp64\www\metodo_simulado\site\lib\Cake\Model\Datasource\DboSource.php(426): DboSource->_execute('SELECT `Simulad...', Array)
#2 C:\wamp64\www\metodo_simulado\site\lib\Cake\Model\Datasource\DboSource.php(668): DboSource->execute('SELECT `Simulad...', Array, Array)
#3 C:\wamp64\www\metodo_simulado\site\lib\Cake\Model\Datasource\DboSource.php(1106): DboSource->fetchAll('SELECT `Simulad...', false)
#4 C:\wamp64\www\metodo_simulado\site\lib\Cake\Model\Model.php(3022): DboSource->read(Object(Simulado), Array)
#5 C:\wamp64\www\metodo_simulado\site\lib\Cake\Model\Model.php(2994): Model->_readDataSource('all', Array)
#6 C:\wamp64\www\metodo_simulado\site\lib\Cake\Controller\Component\PaginatorComponent.php(196): Model->find('all', Array)
#7 C:\wamp64\www\metodo_simulado\site\lib\Cake\Controller\Controller.php(1086): PaginatorComponent->paginate('Simulado', Array, Array)
#8 C:\wamp64\www\metodo_simulado\site\app\Controller\QuizzesController.php(21): Controller->paginate('Simulado')
#9 [internal function]: QuizzesController->index()
#10 C:\wamp64\www\metodo_simulado\site\lib\Cake\Controller\Controller.php(490): ReflectionMethod->invokeArgs(Object(QuizzesController), Array)
#11 C:\wamp64\www\metodo_simulado\site\lib\Cake\Routing\Dispatcher.php(193): Controller->invokeAction(Object(CakeRequest))
#12 C:\wamp64\www\metodo_simulado\site\lib\Cake\Routing\Dispatcher.php(167): Dispatcher->_invoke(Object(QuizzesController), Object(CakeRequest))
#13 C:\wamp64\www\metodo_simulado\public_html\index.php(92): Dispatcher->dispatch(Object(CakeRequest), Object(CakeResponse))
#14 {main}
2017-06-12 17:49:47 Error: [MissingActionException] Action SiteController::cadastro() could not be found.
Exception Attributes: array (
  'controller' => 'SiteController',
  'action' => 'cadastro',
)
Request URL: /metodo_simulado/public_html/site/cadastro
Stack Trace:
#0 C:\wamp64\www\metodo_simulado\site\lib\Cake\Routing\Dispatcher.php(193): Controller->invokeAction(Object(CakeRequest))
#1 C:\wamp64\www\metodo_simulado\site\lib\Cake\Routing\Dispatcher.php(167): Dispatcher->_invoke(Object(SiteController), Object(CakeRequest))
#2 C:\wamp64\www\metodo_simulado\public_html\index.php(92): Dispatcher->dispatch(Object(CakeRequest), Object(CakeResponse))
#3 {main}
2017-06-12 17:52:19 Error: [MissingActionException] Action SiteController::cadastro() could not be found.
Exception Attributes: array (
  'controller' => 'SiteController',
  'action' => 'cadastro',
)
Request URL: /metodo_simulado/public_html/site/cadastro
Stack Trace:
#0 C:\wamp64\www\metodo_simulado\site\lib\Cake\Routing\Dispatcher.php(193): Controller->invokeAction(Object(CakeRequest))
#1 C:\wamp64\www\metodo_simulado\site\lib\Cake\Routing\Dispatcher.php(167): Dispatcher->_invoke(Object(SiteController), Object(CakeRequest))
#2 C:\wamp64\www\metodo_simulado\public_html\index.php(92): Dispatcher->dispatch(Object(CakeRequest), Object(CakeResponse))
#3 {main}
2017-06-12 17:52:49 Error: [MissingActionException] Action SiteController::undefinedow_municipio() could not be found.
Exception Attributes: array (
  'controller' => 'SiteController',
  'action' => 'undefinedow_municipio',
)
Request URL: /metodo_simulado/public_html/site/undefinedow_municipio/municipios/municipios.json?uf=AC
Stack Trace:
#0 C:\wamp64\www\metodo_simulado\site\lib\Cake\Routing\Dispatcher.php(193): Controller->invokeAction(Object(CakeRequest))
#1 C:\wamp64\www\metodo_simulado\site\lib\Cake\Routing\Dispatcher.php(167): Dispatcher->_invoke(Object(SiteController), Object(CakeRequest))
#2 C:\wamp64\www\metodo_simulado\public_html\index.php(92): Dispatcher->dispatch(Object(CakeRequest), Object(CakeResponse))
#3 {main}
2017-06-12 18:05:36 Error: [MissingActionException] Action SiteController::undefinedow_municipio() could not be found.
Exception Attributes: array (
  'controller' => 'SiteController',
  'action' => 'undefinedow_municipio',
)
Request URL: /metodo_simulado/public_html/site/undefinedow_municipio/municipios/municipios.json?uf=RS
Stack Trace:
#0 C:\wamp64\www\metodo_simulado\site\lib\Cake\Routing\Dispatcher.php(193): Controller->invokeAction(Object(CakeRequest))
#1 C:\wamp64\www\metodo_simulado\site\lib\Cake\Routing\Dispatcher.php(167): Dispatcher->_invoke(Object(SiteController), Object(CakeRequest))
#2 C:\wamp64\www\metodo_simulado\public_html\index.php(92): Dispatcher->dispatch(Object(CakeRequest), Object(CakeResponse))
#3 {main}
2017-06-12 18:06:26 Error: [MissingActionException] Action SiteController::undefinedow_municipio() could not be found.
Exception Attributes: array (
  'controller' => 'SiteController',
  'action' => 'undefinedow_municipio',
)
Request URL: /metodo_simulado/public_html/site/undefinedow_municipio/municipios/municipios.json?uf=RS
Stack Trace:
#0 C:\wamp64\www\metodo_simulado\site\lib\Cake\Routing\Dispatcher.php(193): Controller->invokeAction(Object(CakeRequest))
#1 C:\wamp64\www\metodo_simulado\site\lib\Cake\Routing\Dispatcher.php(167): Dispatcher->_invoke(Object(SiteController), Object(CakeRequest))
#2 C:\wamp64\www\metodo_simulado\public_html\index.php(92): Dispatcher->dispatch(Object(CakeRequest), Object(CakeResponse))
#3 {main}
2017-06-12 18:06:29 Error: [MissingActionException] Action SiteController::undefinedow_municipio() could not be found.
Exception Attributes: array (
  'controller' => 'SiteController',
  'action' => 'undefinedow_municipio',
)
Request URL: /metodo_simulado/public_html/site/undefinedow_municipio/municipios/municipios.json?uf=RS
Stack Trace:
#0 C:\wamp64\www\metodo_simulado\site\lib\Cake\Routing\Dispatcher.php(193): Controller->invokeAction(Object(CakeRequest))
#1 C:\wamp64\www\metodo_simulado\site\lib\Cake\Routing\Dispatcher.php(167): Dispatcher->_invoke(Object(SiteController), Object(CakeRequest))
#2 C:\wamp64\www\metodo_simulado\public_html\index.php(92): Dispatcher->dispatch(Object(CakeRequest), Object(CakeResponse))
#3 {main}
2017-06-12 18:07:03 Error: [MissingActionException] Action SiteController::undefinedow_municipio() could not be found.
Exception Attributes: array (
  'controller' => 'SiteController',
  'action' => 'undefinedow_municipio',
)
Request URL: /metodo_simulado/public_html/site/undefinedow_municipio/municipios/municipios.json?uf=RS
Stack Trace:
#0 C:\wamp64\www\metodo_simulado\site\lib\Cake\Routing\Dispatcher.php(193): Controller->invokeAction(Object(CakeRequest))
#1 C:\wamp64\www\metodo_simulado\site\lib\Cake\Routing\Dispatcher.php(167): Dispatcher->_invoke(Object(SiteController), Object(CakeRequest))
#2 C:\wamp64\www\metodo_simulado\public_html\index.php(92): Dispatcher->dispatch(Object(CakeRequest), Object(CakeResponse))
#3 {main}
2017-06-12 18:08:12 Error: [MissingActionException] Action SiteController::undefinedow_municipio() could not be found.
Exception Attributes: array (
  'controller' => 'SiteController',
  'action' => 'undefinedow_municipio',
)
Request URL: /metodo_simulado/public_html/site/undefinedow_municipio/municipios/municipios.json?uf=RS
Stack Trace:
#0 C:\wamp64\www\metodo_simulado\site\lib\Cake\Routing\Dispatcher.php(193): Controller->invokeAction(Object(CakeRequest))
#1 C:\wamp64\www\metodo_simulado\site\lib\Cake\Routing\Dispatcher.php(167): Dispatcher->_invoke(Object(SiteController), Object(CakeRequest))
#2 C:\wamp64\www\metodo_simulado\public_html\index.php(92): Dispatcher->dispatch(Object(CakeRequest), Object(CakeResponse))
#3 {main}
2017-06-12 18:08:35 Error: [MissingActionException] Action SiteController::undefinedow_municipio() could not be found.
Exception Attributes: array (
  'controller' => 'SiteController',
  'action' => 'undefinedow_municipio',
)
Request URL: /metodo_simulado/public_html/site/undefinedow_municipio/municipios/municipios.json?uf=RS
Stack Trace:
#0 C:\wamp64\www\metodo_simulado\site\lib\Cake\Routing\Dispatcher.php(193): Controller->invokeAction(Object(CakeRequest))
#1 C:\wamp64\www\metodo_simulado\site\lib\Cake\Routing\Dispatcher.php(167): Dispatcher->_invoke(Object(SiteController), Object(CakeRequest))
#2 C:\wamp64\www\metodo_simulado\public_html\index.php(92): Dispatcher->dispatch(Object(CakeRequest), Object(CakeResponse))
#3 {main}
2017-06-12 18:10:47 Error: [MissingActionException] Action SiteController::undefinedow_municipio() could not be found.
Exception Attributes: array (
  'controller' => 'SiteController',
  'action' => 'undefinedow_municipio',
)
Request URL: /metodo_simulado/public_html/site/undefinedow_municipio/municipios/municipios.json?uf=RS
Stack Trace:
#0 C:\wamp64\www\metodo_simulado\site\lib\Cake\Routing\Dispatcher.php(193): Controller->invokeAction(Object(CakeRequest))
#1 C:\wamp64\www\metodo_simulado\site\lib\Cake\Routing\Dispatcher.php(167): Dispatcher->_invoke(Object(SiteController), Object(CakeRequest))
#2 C:\wamp64\www\metodo_simulado\public_html\index.php(92): Dispatcher->dispatch(Object(CakeRequest), Object(CakeResponse))
#3 {main}
2017-06-12 18:11:27 Error: [MissingActionException] Action SiteController::undefinedow_municipio() could not be found.
Exception Attributes: array (
  'controller' => 'SiteController',
  'action' => 'undefinedow_municipio',
)
Request URL: /metodo_simulado/public_html/site/undefinedow_municipio/municipios/municipios.json?uf=RS
Stack Trace:
#0 C:\wamp64\www\metodo_simulado\site\lib\Cake\Routing\Dispatcher.php(193): Controller->invokeAction(Object(CakeRequest))
#1 C:\wamp64\www\metodo_simulado\site\lib\Cake\Routing\Dispatcher.php(167): Dispatcher->_invoke(Object(SiteController), Object(CakeRequest))
#2 C:\wamp64\www\metodo_simulado\public_html\index.php(92): Dispatcher->dispatch(Object(CakeRequest), Object(CakeResponse))
#3 {main}
2017-06-12 18:11:42 Error: [MissingActionException] Action SiteController::undefinedow_municipio() could not be found.
Exception Attributes: array (
  'controller' => 'SiteController',
  'action' => 'undefinedow_municipio',
)
Request URL: /metodo_simulado/public_html/site/undefinedow_municipio/municipios/municipios.json?uf=RS
Stack Trace:
#0 C:\wamp64\www\metodo_simulado\site\lib\Cake\Routing\Dispatcher.php(193): Controller->invokeAction(Object(CakeRequest))
#1 C:\wamp64\www\metodo_simulado\site\lib\Cake\Routing\Dispatcher.php(167): Dispatcher->_invoke(Object(SiteController), Object(CakeRequest))
#2 C:\wamp64\www\metodo_simulado\public_html\index.php(92): Dispatcher->dispatch(Object(CakeRequest), Object(CakeResponse))
#3 {main}
2017-06-12 18:12:44 Error: [MissingActionException] Action SiteController::undefinedow_municipio() could not be found.
Exception Attributes: array (
  'controller' => 'SiteController',
  'action' => 'undefinedow_municipio',
)
Request URL: /metodo_simulado/public_html/site/undefinedow_municipio/municipios/municipios.json?uf=RS
Stack Trace:
#0 C:\wamp64\www\metodo_simulado\site\lib\Cake\Routing\Dispatcher.php(193): Controller->invokeAction(Object(CakeRequest))
#1 C:\wamp64\www\metodo_simulado\site\lib\Cake\Routing\Dispatcher.php(167): Dispatcher->_invoke(Object(SiteController), Object(CakeRequest))
#2 C:\wamp64\www\metodo_simulado\public_html\index.php(92): Dispatcher->dispatch(Object(CakeRequest), Object(CakeResponse))
#3 {main}
2017-06-12 19:09:53 Error: [MissingActionException] Action SiteController::undefinedow_municipio() could not be found.
Exception Attributes: array (
  'controller' => 'SiteController',
  'action' => 'undefinedow_municipio',
)
Request URL: /metodo_simulado/public_html/site/undefinedow_municipio/municipios/municipios.json?uf=RS
Stack Trace:
#0 C:\wamp64\www\metodo_simulado\site\lib\Cake\Routing\Dispatcher.php(193): Controller->invokeAction(Object(CakeRequest))
#1 C:\wamp64\www\metodo_simulado\site\lib\Cake\Routing\Dispatcher.php(167): Dispatcher->_invoke(Object(SiteController), Object(CakeRequest))
#2 C:\wamp64\www\metodo_simulado\public_html\index.php(92): Dispatcher->dispatch(Object(CakeRequest), Object(CakeResponse))
#3 {main}
2017-06-12 19:11:02 Error: [MissingActionException] Action SiteController::undefinedow_municipio() could not be found.
Exception Attributes: array (
  'controller' => 'SiteController',
  'action' => 'undefinedow_municipio',
)
Request URL: /metodo_simulado/public_html/site/undefinedow_municipio/municipios/municipios.json?uf=RS
Stack Trace:
#0 C:\wamp64\www\metodo_simulado\site\lib\Cake\Routing\Dispatcher.php(193): Controller->invokeAction(Object(CakeRequest))
#1 C:\wamp64\www\metodo_simulado\site\lib\Cake\Routing\Dispatcher.php(167): Dispatcher->_invoke(Object(SiteController), Object(CakeRequest))
#2 C:\wamp64\www\metodo_simulado\public_html\index.php(92): Dispatcher->dispatch(Object(CakeRequest), Object(CakeResponse))
#3 {main}
2017-06-12 19:11:12 Error: [MissingActionException] Action SiteController::undefinedow_municipio() could not be found.
Exception Attributes: array (
  'controller' => 'SiteController',
  'action' => 'undefinedow_municipio',
)
Request URL: /metodo_simulado/public_html/site/undefinedow_municipio/municipios/municipios.json?uf=RS
Stack Trace:
#0 C:\wamp64\www\metodo_simulado\site\lib\Cake\Routing\Dispatcher.php(193): Controller->invokeAction(Object(CakeRequest))
#1 C:\wamp64\www\metodo_simulado\site\lib\Cake\Routing\Dispatcher.php(167): Dispatcher->_invoke(Object(SiteController), Object(CakeRequest))
#2 C:\wamp64\www\metodo_simulado\public_html\index.php(92): Dispatcher->dispatch(Object(CakeRequest), Object(CakeResponse))
#3 {main}
2017-06-12 19:11:17 Error: [MissingActionException] Action SiteController::undefinedow_municipio() could not be found.
Exception Attributes: array (
  'controller' => 'SiteController',
  'action' => 'undefinedow_municipio',
)
Request URL: /metodo_simulado/public_html/site/undefinedow_municipio/municipios/municipios.json?uf=RS
Stack Trace:
#0 C:\wamp64\www\metodo_simulado\site\lib\Cake\Routing\Dispatcher.php(193): Controller->invokeAction(Object(CakeRequest))
#1 C:\wamp64\www\metodo_simulado\site\lib\Cake\Routing\Dispatcher.php(167): Dispatcher->_invoke(Object(SiteController), Object(CakeRequest))
#2 C:\wamp64\www\metodo_simulado\public_html\index.php(92): Dispatcher->dispatch(Object(CakeRequest), Object(CakeResponse))
#3 {main}
2017-06-12 19:11:28 Error: [MissingActionException] Action SiteController::undefinedow_municipio() could not be found.
Exception Attributes: array (
  'controller' => 'SiteController',
  'action' => 'undefinedow_municipio',
)
Request URL: /metodo_simulado/public_html/site/undefinedow_municipio/municipios/municipios.json?uf=RS
Stack Trace:
#0 C:\wamp64\www\metodo_simulado\site\lib\Cake\Routing\Dispatcher.php(193): Controller->invokeAction(Object(CakeRequest))
#1 C:\wamp64\www\metodo_simulado\site\lib\Cake\Routing\Dispatcher.php(167): Dispatcher->_invoke(Object(SiteController), Object(CakeRequest))
#2 C:\wamp64\www\metodo_simulado\public_html\index.php(92): Dispatcher->dispatch(Object(CakeRequest), Object(CakeResponse))
#3 {main}
2017-06-12 19:11:40 Error: [MissingActionException] Action SiteController::undefinedow_municipio() could not be found.
Exception Attributes: array (
  'controller' => 'SiteController',
  'action' => 'undefinedow_municipio',
)
Request URL: /metodo_simulado/public_html/site/undefinedow_municipio/municipios/municipios.json?uf=RS
Stack Trace:
#0 C:\wamp64\www\metodo_simulado\site\lib\Cake\Routing\Dispatcher.php(193): Controller->invokeAction(Object(CakeRequest))
#1 C:\wamp64\www\metodo_simulado\site\lib\Cake\Routing\Dispatcher.php(167): Dispatcher->_invoke(Object(SiteController), Object(CakeRequest))
#2 C:\wamp64\www\metodo_simulado\public_html\index.php(92): Dispatcher->dispatch(Object(CakeRequest), Object(CakeResponse))
#3 {main}
2017-06-12 19:11:52 Error: [MissingActionException] Action SiteController::undefinedow_municipio() could not be found.
Exception Attributes: array (
  'controller' => 'SiteController',
  'action' => 'undefinedow_municipio',
)
Request URL: /metodo_simulado/public_html/site/undefinedow_municipio/municipios/municipios.json?uf=RS
Stack Trace:
#0 C:\wamp64\www\metodo_simulado\site\lib\Cake\Routing\Dispatcher.php(193): Controller->invokeAction(Object(CakeRequest))
#1 C:\wamp64\www\metodo_simulado\site\lib\Cake\Routing\Dispatcher.php(167): Dispatcher->_invoke(Object(SiteController), Object(CakeRequest))
#2 C:\wamp64\www\metodo_simulado\public_html\index.php(92): Dispatcher->dispatch(Object(CakeRequest), Object(CakeResponse))
#3 {main}
2017-06-12 19:12:05 Error: [MissingActionException] Action SiteController::undefinedow_municipio() could not be found.
Exception Attributes: array (
  'controller' => 'SiteController',
  'action' => 'undefinedow_municipio',
)
Request URL: /metodo_simulado/public_html/site/undefinedow_municipio/municipios/municipios.json?uf=RS
Stack Trace:
#0 C:\wamp64\www\metodo_simulado\site\lib\Cake\Routing\Dispatcher.php(193): Controller->invokeAction(Object(CakeRequest))
#1 C:\wamp64\www\metodo_simulado\site\lib\Cake\Routing\Dispatcher.php(167): Dispatcher->_invoke(Object(SiteController), Object(CakeRequest))
#2 C:\wamp64\www\metodo_simulado\public_html\index.php(92): Dispatcher->dispatch(Object(CakeRequest), Object(CakeResponse))
#3 {main}
2017-06-12 19:14:58 Error: [MissingActionException] Action SiteController::undefinedow_municipio() could not be found.
Exception Attributes: array (
  'controller' => 'SiteController',
  'action' => 'undefinedow_municipio',
)
Request URL: /metodo_simulado/public_html/site/undefinedow_municipio/municipios/municipios.json?uf=RS
Stack Trace:
#0 C:\wamp64\www\metodo_simulado\site\lib\Cake\Routing\Dispatcher.php(193): Controller->invokeAction(Object(CakeRequest))
#1 C:\wamp64\www\metodo_simulado\site\lib\Cake\Routing\Dispatcher.php(167): Dispatcher->_invoke(Object(SiteController), Object(CakeRequest))
#2 C:\wamp64\www\metodo_simulado\public_html\index.php(92): Dispatcher->dispatch(Object(CakeRequest), Object(CakeResponse))
#3 {main}
2017-06-12 19:59:48 Error: [MissingControllerException] Controller class JsController could not be found.
Exception Attributes: array (
  'class' => 'JsController',
  'plugin' => NULL,
)
Request URL: /metodo_simulado/public_html/js/tiny_mce/tiny_mce.js
Stack Trace:
#0 C:\wamp64\www\metodo_simulado\public_html\index.php(92): Dispatcher->dispatch(Object(CakeRequest), Object(CakeResponse))
#1 {main}
